gngcjghjg
Gngcjghjg
gngcjghjg
Gngcjghjg1
Gngcjghjg12
Gngcjghjg123
Gngcjghjg1234
Gngcjghjg12345
Gngcjghjg
Gngcjghjg!
Gngcjghjg?
Gngcjghjg@
gngcjghjg1
gngcjghjg12
gngcjghjg123
gngcjghjg1234
gngcjghjg12345
gngcjghjg
gngcjghjg!
gngcjghjg?
gngcjghjg@
gngcjghjg1
gngcjghjg12
gngcjghjg123
gngcjghjg1234
gngcjghjg12345
gngcjghjg00
gngcjghjg
gngcjghjg$
gngcjghjg1!
gngcjghjg?
gngcjghjg!@
gngcjghjg!@#
gngcjghjg$@
gngcjghjg$@
gngcjghjg%&
gngcjghjg$#@!
1gngcjghjg
12gngcjghjg
123gngcjghjg
1234gngcjghjg
12345gngcjghjg
!gngcjghjgyrrdy\
Yrrdy\
yrrdy\
Yrrdy\1
Yrrdy\12
Yrrdy\123
Yrrdy\1234
Yrrdy\12345
Yrrdy\
Yrrdy\!
Yrrdy\?
Yrrdy\@
yrrdy\1
yrrdy\12
yrrdy\123
yrrdy\1234
yrrdy\12345
yrrdy\
yrrdy\!
yrrdy\?
yrrdy\@
yrrdy\1
yrrdy\12
yrrdy\123
yrrdy\1234
yrrdy\12345
yrrdy\00
yrrdy\
yrrdy\$
yrrdy\1!
yrrdy\?
yrrdy\!@
yrrdy\!@#
yrrdy\$@
yrrdy\$@
yrrdy\%&
yrrdy\$#@!
1yrrdy\
12yrrdy\
123yrrdy\
1234yrrdy\
12345yrrdy\
!yrrdy\